This is pdfTeX, Version 3.141592653-2.6-1.40.26 (TeX Live 2024/nixos.org) (preloaded format=pdflatex 1980.1.1)  11 DEC 2024 01:49
entering extended mode
 restricted \write18 enabled.
 %&-line parsing enabled.
**SeniorDesignFinalPresentation.tex
(./SeniorDesignFinalPresentation.tex
LaTeX2e <2024-06-01> patch level 2
L3 programming layer <2024-10-09>

(/nix/store/0jql6cn8jrks2l11dkisx5rl7nggaybg-texlive-2024-env-texmfdist/tex/lat
ex/beamer/beamer.cls
Document Class: beamer 2024/01/06 v3.71 A class for typesetting presentations

(/nix/store/0jql6cn8jrks2l11dkisx5rl7nggaybg-texlive-2024-env-texmfdist/tex/lat
ex/beamer/beamerbasemodes.sty
(/nix/store/0jql6cn8jrks2l11dkisx5rl7nggaybg-texlive-2024-env-texmfdist/tex/lat
ex/etoolbox/etoolbox.sty
Package: etoolbox 2020/10/05 v2.5k e-TeX tools for LaTeX (JAW)
\etb@tempcnta=\count194
)
\beamer@tempbox=\box52
\beamer@tempcount=\count195
\c@beamerpauses=\count196

(/nix/store/0jql6cn8jrks2l11dkisx5rl7nggaybg-texlive-2024-env-texmfdist/tex/lat
ex/beamer/beamerbasedecode.sty
\beamer@slideinframe=\count197
\beamer@minimum=\count198
\beamer@decode@box=\box53
)
\beamer@commentbox=\box54
\beamer@modecount=\count199
)
(/nix/store/0jql6cn8jrks2l11dkisx5rl7nggaybg-texlive-2024-env-texmfdist/tex/gen
eric/iftex/iftex.sty
Package: iftex 2022/02/03 v1.0f TeX engine tests
)
\headdp=\dimen141
\footheight=\dimen142
\sidebarheight=\dimen143
\beamer@tempdim=\dimen144
\beamer@finalheight=\dimen145
\beamer@animht=\dimen146
\beamer@animdp=\dimen147
\beamer@animwd=\dimen148
\beamer@leftmargin=\dimen149
\beamer@rightmargin=\dimen150
\beamer@leftsidebar=\dimen151
\beamer@rightsidebar=\dimen152
\beamer@boxsize=\dimen153
\beamer@vboxoffset=\dimen154
\beamer@descdefault=\dimen155
\beamer@descriptionwidth=\dimen156
\beamer@lastskip=\skip49
\beamer@areabox=\box55
\beamer@animcurrent=\box56
\beamer@animshowbox=\box57
\beamer@sectionbox=\box58
\beamer@logobox=\box59
\beamer@linebox=\box60
\beamer@sectioncount=\count266
\beamer@subsubsectionmax=\count267
\beamer@subsectionmax=\count268
\beamer@sectionmax=\count269
\beamer@totalheads=\count270
\beamer@headcounter=\count271
\beamer@partstartpage=\count272
\beamer@sectionstartpage=\count273
\beamer@subsectionstartpage=\count274
\beamer@animationtempa=\count275
\beamer@animationtempb=\count276
\beamer@xpos=\count277
\beamer@ypos=\count278
\beamer@ypos@offset=\count279
\beamer@showpartnumber=\count280
\beamer@currentsubsection=\count281
\beamer@coveringdepth=\count282
\beamer@sectionadjust=\count283
\beamer@toclastsection=\count284
\beamer@tocsectionnumber=\count285

(/nix/store/0jql6cn8jrks2l11dkisx5rl7nggaybg-texlive-2024-env-texmfdist/tex/lat
ex/beamer/beamerbaseoptions.sty
(/nix/store/0jql6cn8jrks2l11dkisx5rl7nggaybg-texlive-2024-env-texmfdist/tex/lat
ex/graphics/keyval.sty
Package: keyval 2022/05/29 v1.15 key=value parser (DPC)
\KV@toks@=\toks17
))
\beamer@paperwidth=\skip50
\beamer@paperheight=\skip51

(/nix/store/0jql6cn8jrks2l11dkisx5rl7nggaybg-texlive-2024-env-texmfdist/tex/lat
ex/geometry/geometry.sty
Package: geometry 2020/01/02 v5.9 Page Geometry

(/nix/store/0jql6cn8jrks2l11dkisx5rl7nggaybg-texlive-2024-env-texmfdist/tex/gen
eric/iftex/ifvtex.sty
Package: ifvtex 2019/10/25 v1.7 ifvtex legacy package. Use iftex instead.
)
\Gm@cnth=\count286
\Gm@cntv=\count287
\c@Gm@tempcnt=\count288
\Gm@bindingoffset=\dimen157
\Gm@wd@mp=\dimen158
\Gm@odd@mp=\dimen159
\Gm@even@mp=\dimen160
\Gm@layoutwidth=\dimen161
\Gm@layoutheight=\dimen162
\Gm@layouthoffset=\dimen163
\Gm@layoutvoffset=\dimen164
\Gm@dimlist=\toks18
)
(/nix/store/0jql6cn8jrks2l11dkisx5rl7nggaybg-texlive-2024-env-texmfdist/tex/lat
ex/pgf/math/pgfmath.sty
(/nix/store/0jql6cn8jrks2l11dkisx5rl7nggaybg-texlive-2024-env-texmfdist/tex/lat
ex/pgf/utilities/pgfrcs.sty
(/nix/store/0jql6cn8jrks2l11dkisx5rl7nggaybg-texlive-2024-env-texmfdist/tex/gen
eric/pgf/utilities/pgfutil-common.tex
\pgfutil@everybye=\toks19
\pgfutil@tempdima=\dimen165
\pgfutil@tempdimb=\dimen166
)
(/nix/store/0jql6cn8jrks2l11dkisx5rl7nggaybg-texlive-2024-env-texmfdist/tex/gen
eric/pgf/utilities/pgfutil-latex.def
\pgfutil@abb=\box61
)
(/nix/store/0jql6cn8jrks2l11dkisx5rl7nggaybg-texlive-2024-env-texmfdist/tex/gen
eric/pgf/utilities/pgfrcs.code.tex
(/nix/store/0jql6cn8jrks2l11dkisx5rl7nggaybg-texlive-2024-env-texmfdist/tex/gen
eric/pgf/pgf.revision.tex)
Package: pgfrcs 2023-01-15 v3.1.10 (3.1.10)
))
(/nix/store/0jql6cn8jrks2l11dkisx5rl7nggaybg-texlive-2024-env-texmfdist/tex/lat
ex/pgf/utilities/pgfkeys.sty
(/nix/store/0jql6cn8jrks2l11dkisx5rl7nggaybg-texlive-2024-env-texmfdist/tex/gen
eric/pgf/utilities/pgfkeys.code.tex
\pgfkeys@pathtoks=\toks20
\pgfkeys@temptoks=\toks21

(/nix/store/0jql6cn8jrks2l11dkisx5rl7nggaybg-texlive-2024-env-texmfdist/tex/gen
eric/pgf/utilities/pgfkeyslibraryfiltered.code.tex
\pgfkeys@tmptoks=\toks22
)))
(/nix/store/0jql6cn8jrks2l11dkisx5rl7nggaybg-texlive-2024-env-texmfdist/tex/gen
eric/pgf/math/pgfmath.code.tex
(/nix/store/0jql6cn8jrks2l11dkisx5rl7nggaybg-texlive-2024-env-texmfdist/tex/gen
eric/pgf/math/pgfmathutil.code.tex
\pgf@x=\dimen167
\pgf@xa=\dimen168
\pgf@xb=\dimen169
\pgf@xc=\dimen170
\pgf@y=\dimen171
\pgf@ya=\dimen172
\pgf@yb=\dimen173
\pgf@yc=\dimen174
\c@pgf@counta=\count289
\c@pgf@countb=\count290
\c@pgf@countc=\count291
\c@pgf@countd=\count292
)
(/nix/store/0jql6cn8jrks2l11dkisx5rl7nggaybg-texlive-2024-env-texmfdist/tex/gen
eric/pgf/math/pgfmathparser.code.tex
\pgfmath@dimen=\dimen175
\pgfmath@count=\count293
\pgfmath@box=\box62
\pgfmath@toks=\toks23
\pgfmath@stack@operand=\toks24
\pgfmath@stack@operation=\toks25
)
(/nix/store/0jql6cn8jrks2l11dkisx5rl7nggaybg-texlive-2024-env-texmfdist/tex/gen
eric/pgf/math/pgfmathfunctions.code.tex)
(/nix/store/0jql6cn8jrks2l11dkisx5rl7nggaybg-texlive-2024-env-texmfdist/tex/gen
eric/pgf/math/pgfmathfunctions.basic.code.tex)
(/nix/store/0jql6cn8jrks2l11dkisx5rl7nggaybg-texlive-2024-env-texmfdist/tex/gen
eric/pgf/math/pgfmathfunctions.trigonometric.code.tex)
(/nix/store/0jql6cn8jrks2l11dkisx5rl7nggaybg-texlive-2024-env-texmfdist/tex/gen
eric/pgf/math/pgfmathfunctions.random.code.tex)
(/nix/store/0jql6cn8jrks2l11dkisx5rl7nggaybg-texlive-2024-env-texmfdist/tex/gen
eric/pgf/math/pgfmathfunctions.comparison.code.tex)
(/nix/store/0jql6cn8jrks2l11dkisx5rl7nggaybg-texlive-2024-env-texmfdist/tex/gen
eric/pgf/math/pgfmathfunctions.base.code.tex)
(/nix/store/0jql6cn8jrks2l11dkisx5rl7nggaybg-texlive-2024-env-texmfdist/tex/gen
eric/pgf/math/pgfmathfunctions.round.code.tex)
(/nix/store/0jql6cn8jrks2l11dkisx5rl7nggaybg-texlive-2024-env-texmfdist/tex/gen
eric/pgf/math/pgfmathfunctions.misc.code.tex)
(/nix/store/0jql6cn8jrks2l11dkisx5rl7nggaybg-texlive-2024-env-texmfdist/tex/gen
eric/pgf/math/pgfmathfunctions.integerarithmetics.code.tex)
(/nix/store/0jql6cn8jrks2l11dkisx5rl7nggaybg-texlive-2024-env-texmfdist/tex/gen
eric/pgf/math/pgfmathcalc.code.tex)
(/nix/store/0jql6cn8jrks2l11dkisx5rl7nggaybg-texlive-2024-env-texmfdist/tex/gen
eric/pgf/math/pgfmathfloat.code.tex
\c@pgfmathroundto@lastzeros=\count294
)))
(/nix/store/0jql6cn8jrks2l11dkisx5rl7nggaybg-texlive-2024-env-texmfdist/tex/lat
ex/extsizes/size8.clo
File: size8.clo 1999/11/11 v1.4a NON-Standard LaTeX file (size option)
)
(/nix/store/0jql6cn8jrks2l11dkisx5rl7nggaybg-texlive-2024-env-texmfdist/tex/lat
ex/pgf/basiclayer/pgfcore.sty
(/nix/store/0jql6cn8jrks2l11dkisx5rl7nggaybg-texlive-2024-env-texmfdist/tex/lat
ex/graphics/graphicx.sty
Package: graphicx 2021/09/16 v1.2d Enhanced LaTeX Graphics (DPC,SPQR)

(/nix/store/0jql6cn8jrks2l11dkisx5rl7nggaybg-texlive-2024-env-texmfdist/tex/lat
ex/graphics/graphics.sty
Package: graphics 2024/05/23 v1.4g Standard LaTeX Graphics (DPC,SPQR)

(/nix/store/0jql6cn8jrks2l11dkisx5rl7nggaybg-texlive-2024-env-texmfdist/tex/lat
ex/graphics/trig.sty
Package: trig 2023/12/02 v1.11 sin cos tan (DPC)
)
(/nix/store/0jql6cn8jrks2l11dkisx5rl7nggaybg-texlive-2024-env-texmfdist/tex/lat
ex/graphics-cfg/graphics.cfg
File: graphics.cfg 2016/06/04 v1.11 sample graphics configuration
)
Package graphics Info: Driver file: pdftex.def on input line 106.

(/nix/store/0jql6cn8jrks2l11dkisx5rl7nggaybg-texlive-2024-env-texmfdist/tex/lat
ex/graphics-def/pdftex.def
File: pdftex.def 2024/04/13 v1.2c Graphics/color driver for pdftex
))
\Gin@req@height=\dimen176
\Gin@req@width=\dimen177
)
(/nix/store/0jql6cn8jrks2l11dkisx5rl7nggaybg-texlive-2024-env-texmfdist/tex/lat
ex/pgf/systemlayer/pgfsys.sty
(/nix/store/0jql6cn8jrks2l11dkisx5rl7nggaybg-texlive-2024-env-texmfdist/tex/gen
eric/pgf/systemlayer/pgfsys.code.tex
Package: pgfsys 2023-01-15 v3.1.10 (3.1.10)
\pgf@x=\dimen178
\pgf@y=\dimen179
\pgf@xa=\dimen180
\pgf@ya=\dimen181
\pgf@xb=\dimen182
\pgf@yb=\dimen183
\pgf@xc=\dimen184
\pgf@yc=\dimen185
\pgf@xd=\dimen186
\pgf@yd=\dimen187
\w@pgf@writea=\write3
\r@pgf@reada=\read2
\c@pgf@counta=\count295
\c@pgf@countb=\count296
\c@pgf@countc=\count297
\c@pgf@countd=\count298
\t@pgf@toka=\toks26
\t@pgf@tokb=\toks27
\t@pgf@tokc=\toks28
\pgf@sys@id@count=\count299

(/nix/store/0jql6cn8jrks2l11dkisx5rl7nggaybg-texlive-2024-env-texmfdist/tex/gen
eric/pgf/systemlayer/pgf.cfg
File: pgf.cfg 2023-01-15 v3.1.10 (3.1.10)
)
Driver file for pgf: pgfsys-pdftex.def

(/nix/store/0jql6cn8jrks2l11dkisx5rl7nggaybg-texlive-2024-env-texmfdist/tex/gen
eric/pgf/systemlayer/pgfsys-pdftex.def
File: pgfsys-pdftex.def 2023-01-15 v3.1.10 (3.1.10)

(/nix/store/0jql6cn8jrks2l11dkisx5rl7nggaybg-texlive-2024-env-texmfdist/tex/gen
eric/pgf/systemlayer/pgfsys-common-pdf.def
File: pgfsys-common-pdf.def 2023-01-15 v3.1.10 (3.1.10)
)))
(/nix/store/0jql6cn8jrks2l11dkisx5rl7nggaybg-texlive-2024-env-texmfdist/tex/gen
eric/pgf/systemlayer/pgfsyssoftpath.code.tex
File: pgfsyssoftpath.code.tex 2023-01-15 v3.1.10 (3.1.10)
\pgfsyssoftpath@smallbuffer@items=\count300
\pgfsyssoftpath@bigbuffer@items=\count301
)
(/nix/store/0jql6cn8jrks2l11dkisx5rl7nggaybg-texlive-2024-env-texmfdist/tex/gen
eric/pgf/systemlayer/pgfsysprotocol.code.tex
File: pgfsysprotocol.code.tex 2023-01-15 v3.1.10 (3.1.10)
))
(/nix/store/0jql6cn8jrks2l11dkisx5rl7nggaybg-texlive-2024-env-texmfdist/tex/lat
ex/xcolor/xcolor.sty
Package: xcolor 2024/09/29 v3.02 LaTeX color extensions (UK)

(/nix/store/0jql6cn8jrks2l11dkisx5rl7nggaybg-texlive-2024-env-texmfdist/tex/lat
ex/graphics-cfg/color.cfg
File: color.cfg 2016/01/02 v1.6 sample color configuration
)
Package xcolor Info: Driver file: pdftex.def on input line 274.

(/nix/store/0jql6cn8jrks2l11dkisx5rl7nggaybg-texlive-2024-env-texmfdist/tex/lat
ex/graphics/mathcolor.ltx)
Package xcolor Info: Model `cmy' substituted by `cmy0' on input line 1349.
Package xcolor Info: Model `hsb' substituted by `rgb' on input line 1353.
Package xcolor Info: Model `RGB' extended on input line 1365.
Package xcolor Info: Model `HTML' substituted by `rgb' on input line 1367.
Package xcolor Info: Model `Hsb' substituted by `hsb' on input line 1368.
Package xcolor Info: Model `tHsb' substituted by `hsb' on input line 1369.
Package xcolor Info: Model `HSB' substituted by `hsb' on input line 1370.
Package xcolor Info: Model `Gray' substituted by `gray' on input line 1371.
Package xcolor Info: Model `wave' substituted by `hsb' on input line 1372.
)
(/nix/store/0jql6cn8jrks2l11dkisx5rl7nggaybg-texlive-2024-env-texmfdist/tex/gen
eric/pgf/basiclayer/pgfcore.code.tex
Package: pgfcore 2023-01-15 v3.1.10 (3.1.10)

(/nix/store/0jql6cn8jrks2l11dkisx5rl7nggaybg-texlive-2024-env-texmfdist/tex/gen
eric/pgf/math/pgfint.code.tex)
(/nix/store/0jql6cn8jrks2l11dkisx5rl7nggaybg-texlive-2024-env-texmfdist/tex/gen
eric/pgf/basiclayer/pgfcorepoints.code.tex
File: pgfcorepoints.code.tex 2023-01-15 v3.1.10 (3.1.10)
\pgf@picminx=\dimen188
\pgf@picmaxx=\dimen189
\pgf@picminy=\dimen190
\pgf@picmaxy=\dimen191
\pgf@pathminx=\dimen192
\pgf@pathmaxx=\dimen193
\pgf@pathminy=\dimen194
\pgf@pathmaxy=\dimen195
\pgf@xx=\dimen196
\pgf@xy=\dimen197
\pgf@yx=\dimen198
\pgf@yy=\dimen199
\pgf@zx=\dimen256
\pgf@zy=\dimen257
)
(/nix/store/0jql6cn8jrks2l11dkisx5rl7nggaybg-texlive-2024-env-texmfdist/tex/gen
eric/pgf/basiclayer/pgfcorepathconstruct.code.tex
File: pgfcorepathconstruct.code.tex 2023-01-15 v3.1.10 (3.1.10)
\pgf@path@lastx=\dimen258
\pgf@path@lasty=\dimen259
)
(/nix/store/0jql6cn8jrks2l11dkisx5rl7nggaybg-texlive-2024-env-texmfdist/tex/gen
eric/pgf/basiclayer/pgfcorepathusage.code.tex
File: pgfcorepathusage.code.tex 2023-01-15 v3.1.10 (3.1.10)
\pgf@shorten@end@additional=\dimen260
\pgf@shorten@start@additional=\dimen261
)
(/nix/store/0jql6cn8jrks2l11dkisx5rl7nggaybg-texlive-2024-env-texmfdist/tex/gen
eric/pgf/basiclayer/pgfcorescopes.code.tex
File: pgfcorescopes.code.tex 2023-01-15 v3.1.10 (3.1.10)
\pgfpic=\box63
\pgf@hbox=\box64
\pgf@layerbox@main=\box65
\pgf@picture@serial@count=\count302
)
(/nix/store/0jql6cn8jrks2l11dkisx5rl7nggaybg-texlive-2024-env-texmfdist/tex/gen
eric/pgf/basiclayer/pgfcoregraphicstate.code.tex
File: pgfcoregraphicstate.code.tex 2023-01-15 v3.1.10 (3.1.10)
\pgflinewidth=\dimen262
)
(/nix/store/0jql6cn8jrks2l11dkisx5rl7nggaybg-texlive-2024-env-texmfdist/tex/gen
eric/pgf/basiclayer/pgfcoretransformations.code.tex
File: pgfcoretransformations.code.tex 2023-01-15 v3.1.10 (3.1.10)
\pgf@pt@x=\dimen263
\pgf@pt@y=\dimen264
\pgf@pt@temp=\dimen265
)
(/nix/store/0jql6cn8jrks2l11dkisx5rl7nggaybg-texlive-2024-env-texmfdist/tex/gen
eric/pgf/basiclayer/pgfcorequick.code.tex
File: pgfcorequick.code.tex 2023-01-15 v3.1.10 (3.1.10)
)
(/nix/store/0jql6cn8jrks2l11dkisx5rl7nggaybg-texlive-2024-env-texmfdist/tex/gen
eric/pgf/basiclayer/pgfcoreobjects.code.tex
File: pgfcoreobjects.code.tex 2023-01-15 v3.1.10 (3.1.10)
)
(/nix/store/0jql6cn8jrks2l11dkisx5rl7nggaybg-texlive-2024-env-texmfdist/tex/gen
eric/pgf/basiclayer/pgfcorepathprocessing.code.tex
File: pgfcorepathprocessing.code.tex 2023-01-15 v3.1.10 (3.1.10)
)
(/nix/store/0jql6cn8jrks2l11dkisx5rl7nggaybg-texlive-2024-env-texmfdist/tex/gen
eric/pgf/basiclayer/pgfcorearrows.code.tex
File: pgfcorearrows.code.tex 2023-01-15 v3.1.10 (3.1.10)
\pgfarrowsep=\dimen266
)
(/nix/store/0jql6cn8jrks2l11dkisx5rl7nggaybg-texlive-2024-env-texmfdist/tex/gen
eric/pgf/basiclayer/pgfcoreshade.code.tex
File: pgfcoreshade.code.tex 2023-01-15 v3.1.10 (3.1.10)
\pgf@max=\dimen267
\pgf@sys@shading@range@num=\count303
\pgf@shadingcount=\count304
)
(/nix/store/0jql6cn8jrks2l11dkisx5rl7nggaybg-texlive-2024-env-texmfdist/tex/gen
eric/pgf/basiclayer/pgfcoreimage.code.tex
File: pgfcoreimage.code.tex 2023-01-15 v3.1.10 (3.1.10)
)
(/nix/store/0jql6cn8jrks2l11dkisx5rl7nggaybg-texlive-2024-env-texmfdist/tex/gen
eric/pgf/basiclayer/pgfcoreexternal.code.tex
File: pgfcoreexternal.code.tex 2023-01-15 v3.1.10 (3.1.10)
\pgfexternal@startupbox=\box66
)
(/nix/store/0jql6cn8jrks2l11dkisx5rl7nggaybg-texlive-2024-env-texmfdist/tex/gen
eric/pgf/basiclayer/pgfcorelayers.code.tex
File: pgfcorelayers.code.tex 2023-01-15 v3.1.10 (3.1.10)
)
(/nix/store/0jql6cn8jrks2l11dkisx5rl7nggaybg-texlive-2024-env-texmfdist/tex/gen
eric/pgf/basiclayer/pgfcoretransparency.code.tex
File: pgfcoretransparency.code.tex 2023-01-15 v3.1.10 (3.1.10)
)
(/nix/store/0jql6cn8jrks2l11dkisx5rl7nggaybg-texlive-2024-env-texmfdist/tex/gen
eric/pgf/basiclayer/pgfcorepatterns.code.tex
File: pgfcorepatterns.code.tex 2023-01-15 v3.1.10 (3.1.10)
)
(/nix/store/0jql6cn8jrks2l11dkisx5rl7nggaybg-texlive-2024-env-texmfdist/tex/gen
eric/pgf/basiclayer/pgfcorerdf.code.tex
File: pgfcorerdf.code.tex 2023-01-15 v3.1.10 (3.1.10)
)))
(/nix/store/0jql6cn8jrks2l11dkisx5rl7nggaybg-texlive-2024-env-texmfdist/tex/lat
ex/pgf/utilities/xxcolor.sty
Package: xxcolor 2003/10/24 ver 0.1
\XC@nummixins=\count305
\XC@countmixins=\count306
)
(/nix/store/0jql6cn8jrks2l11dkisx5rl7nggaybg-texlive-2024-env-texmfdist/tex/lat
ex/base/atbegshi-ltx.sty
Package: atbegshi-ltx 2021/01/10 v1.0c Emulation of the original atbegshi
package with kernel methods
)
(/nix/store/0jql6cn8jrks2l11dkisx5rl7nggaybg-texlive-2024-env-texmfdist/tex/lat
ex/hyperref/hyperref.sty
Package: hyperref 2024-07-10 v7.01j Hypertext links for LaTeX

(/nix/store/0jql6cn8jrks2l11dkisx5rl7nggaybg-texlive-2024-env-texmfdist/tex/lat
ex/kvsetkeys/kvsetkeys.sty
Package: kvsetkeys 2022-10-05 v1.19 Key value parser (HO)
)
(/nix/store/0jql6cn8jrks2l11dkisx5rl7nggaybg-texlive-2024-env-texmfdist/tex/gen
eric/kvdefinekeys/kvdefinekeys.sty
Package: kvdefinekeys 2019-12-19 v1.6 Define keys (HO)
)
(/nix/store/0jql6cn8jrks2l11dkisx5rl7nggaybg-texlive-2024-env-texmfdist/tex/gen
eric/pdfescape/pdfescape.sty
Package: pdfescape 2019/12/09 v1.15 Implements pdfTeX's escape features (HO)

(/nix/store/0jql6cn8jrks2l11dkisx5rl7nggaybg-texlive-2024-env-texmfdist/tex/gen
eric/ltxcmds/ltxcmds.sty
Package: ltxcmds 2023-12-04 v1.26 LaTeX kernel commands for general use (HO)
)
(/nix/store/0jql6cn8jrks2l11dkisx5rl7nggaybg-texlive-2024-env-texmfdist/tex/gen
eric/pdftexcmds/pdftexcmds.sty
Package: pdftexcmds 2020-06-27 v0.33 Utility functions of pdfTeX for LuaTeX (HO
)

(/nix/store/0jql6cn8jrks2l11dkisx5rl7nggaybg-texlive-2024-env-texmfdist/tex/gen
eric/infwarerr/infwarerr.sty
Package: infwarerr 2019/12/03 v1.5 Providing info/warning/error messages (HO)
)
Package pdftexcmds Info: \pdf@primitive is available.
Package pdftexcmds Info: \pdf@ifprimitive is available.
Package pdftexcmds Info: \pdfdraftmode found.
))
(/nix/store/0jql6cn8jrks2l11dkisx5rl7nggaybg-texlive-2024-env-texmfdist/tex/lat
ex/hycolor/hycolor.sty
Package: hycolor 2020-01-27 v1.10 Color options for hyperref/bookmark (HO)
)
(/nix/store/0jql6cn8jrks2l11dkisx5rl7nggaybg-texlive-2024-env-texmfdist/tex/lat
ex/hyperref/nameref.sty
Package: nameref 2023-11-26 v2.56 Cross-referencing by name of section

(/nix/store/0jql6cn8jrks2l11dkisx5rl7nggaybg-texlive-2024-env-texmfdist/tex/lat
ex/refcount/refcount.sty
Package: refcount 2019/12/15 v3.6 Data extraction from label references (HO)
)
(/nix/store/0jql6cn8jrks2l11dkisx5rl7nggaybg-texlive-2024-env-texmfdist/tex/gen
eric/gettitlestring/gettitlestring.sty
Package: gettitlestring 2019/12/15 v1.6 Cleanup title references (HO)

(/nix/store/0jql6cn8jrks2l11dkisx5rl7nggaybg-texlive-2024-env-texmfdist/tex/lat
ex/kvoptions/kvoptions.sty
Package: kvoptions 2022-06-15 v3.15 Key value format for package options (HO)
))
\c@section@level=\count307
)
(/nix/store/0jql6cn8jrks2l11dkisx5rl7nggaybg-texlive-2024-env-texmfdist/tex/gen
eric/stringenc/stringenc.sty
Package: stringenc 2019/11/29 v1.12 Convert strings between diff. encodings (HO
)
)
\@linkdim=\dimen268
\Hy@linkcounter=\count308
\Hy@pagecounter=\count309

(/nix/store/0jql6cn8jrks2l11dkisx5rl7nggaybg-texlive-2024-env-texmfdist/tex/lat
ex/hyperref/pd1enc.def
File: pd1enc.def 2024-07-10 v7.01j Hyperref: PDFDocEncoding definition (HO)
Now handling font encoding PD1 ...
... no UTF-8 mapping file for font encoding PD1
)
(/nix/store/0jql6cn8jrks2l11dkisx5rl7nggaybg-texlive-2024-env-texmfdist/tex/gen
eric/intcalc/intcalc.sty
Package: intcalc 2019/12/15 v1.3 Expandable calculations with integers (HO)
)
\Hy@SavedSpaceFactor=\count310

(/nix/store/0jql6cn8jrks2l11dkisx5rl7nggaybg-texlive-2024-env-texmfdist/tex/lat
ex/hyperref/puenc.def
File: puenc.def 2024-07-10 v7.01j Hyperref: PDF Unicode definition (HO)
Now handling font encoding PU ...
... no UTF-8 mapping file for font encoding PU
)
Package hyperref Info: Option `bookmarks' set `true' on input line 4040.
Package hyperref Info: Option `bookmarksopen' set `true' on input line 4040.
Package hyperref Info: Option `implicit' set `false' on input line 4040.
Package hyperref Info: Hyper figures OFF on input line 4157.
Package hyperref Info: Link nesting OFF on input line 4162.
Package hyperref Info: Hyper index ON on input line 4165.
Package hyperref Info: Plain pages OFF on input line 4172.
Package hyperref Info: Backreferencing OFF on input line 4177.
Package hyperref Info: Implicit mode OFF; no redefinition of LaTeX internals.
Package hyperref Info: Bookmarks ON on input line 4424.
\c@Hy@tempcnt=\count311

(/nix/store/0jql6cn8jrks2l11dkisx5rl7nggaybg-texlive-2024-env-texmfdist/tex/lat
ex/url/url.sty
\Urlmuskip=\muskip17
Package: url 2013/09/16  ver 3.4  Verb mode for urls, etc.
)
LaTeX Info: Redefining \url on input line 4763.
\XeTeXLinkMargin=\dimen269

(/nix/store/0jql6cn8jrks2l11dkisx5rl7nggaybg-texlive-2024-env-texmfdist/tex/gen
eric/bitset/bitset.sty
Package: bitset 2019/12/09 v1.3 Handle bit-vector datatype (HO)

(/nix/store/0jql6cn8jrks2l11dkisx5rl7nggaybg-texlive-2024-env-texmfdist/tex/gen
eric/bigintcalc/bigintcalc.sty
Package: bigintcalc 2019/12/15 v1.5 Expandable calculations on big integers (HO
)
))
\Fld@menulength=\count312
\Field@Width=\dimen270
\Fld@charsize=\dimen271
Package hyperref Info: Hyper figures OFF on input line 6042.
Package hyperref Info: Link nesting OFF on input line 6047.
Package hyperref Info: Hyper index ON on input line 6050.
Package hyperref Info: backreferencing OFF on input line 6057.
Package hyperref Info: Link coloring OFF on input line 6062.
Package hyperref Info: Link coloring with OCG OFF on input line 6067.
Package hyperref Info: PDF/A mode OFF on input line 6072.
\Hy@abspage=\count313


Package hyperref Message: Stopped early.

)
Package hyperref Info: Driver (autodetected): hpdftex.

(/nix/store/0jql6cn8jrks2l11dkisx5rl7nggaybg-texlive-2024-env-texmfdist/tex/lat
ex/hyperref/hpdftex.def
File: hpdftex.def 2024-07-10 v7.01j Hyperref driver for pdfTeX

(/nix/store/0jql6cn8jrks2l11dkisx5rl7nggaybg-texlive-2024-env-texmfdist/tex/lat
ex/base/atveryend-ltx.sty
Package: atveryend-ltx 2020/08/19 v1.0a Emulation of the original atveryend pac
kage
with kernel methods
)
\Fld@listcount=\count314
\c@bookmark@seq@number=\count315

(/nix/store/0jql6cn8jrks2l11dkisx5rl7nggaybg-texlive-2024-env-texmfdist/tex/lat
ex/rerunfilecheck/rerunfilecheck.sty
Package: rerunfilecheck 2022-07-10 v1.10 Rerun checks for auxiliary files (HO)

(/nix/store/0jql6cn8jrks2l11dkisx5rl7nggaybg-texlive-2024-env-texmfdist/tex/gen
eric/uniquecounter/uniquecounter.sty
Package: uniquecounter 2019/12/15 v1.4 Provide unlimited unique counter (HO)
)
Package uniquecounter Info: New unique counter `rerunfilecheck' on input line 2
85.
))
(/nix/store/0jql6cn8jrks2l11dkisx5rl7nggaybg-texlive-2024-env-texmfdist/tex/lat
ex/beamer/beamerbaserequires.sty
(/nix/store/0jql6cn8jrks2l11dkisx5rl7nggaybg-texlive-2024-env-texmfdist/tex/lat
ex/beamer/beamerbasecompatibility.sty)
(/nix/store/0jql6cn8jrks2l11dkisx5rl7nggaybg-texlive-2024-env-texmfdist/tex/lat
ex/beamer/beamerbasefont.sty
(/nix/store/0jql6cn8jrks2l11dkisx5rl7nggaybg-texlive-2024-env-texmfdist/tex/lat
ex/amsfonts/amssymb.sty
Package: amssymb 2013/01/14 v3.01 AMS font symbols

(/nix/store/0jql6cn8jrks2l11dkisx5rl7nggaybg-texlive-2024-env-texmfdist/tex/lat
ex/amsfonts/amsfonts.sty
Package: amsfonts 2013/01/14 v3.01 Basic AMSFonts support
\@emptytoks=\toks29
\symAMSa=\mathgroup4
\symAMSb=\mathgroup5
LaTeX Font Info:    Redeclaring math symbol \hbar on input line 98.
LaTeX Font Info:    Overwriting math alphabet `\mathfrak' in version `bold'
(Font)                  U/euf/m/n --> U/euf/b/n on input line 106.
))
(/nix/store/0jql6cn8jrks2l11dkisx5rl7nggaybg-texlive-2024-env-texmfdist/tex/lat
ex/sansmathaccent/sansmathaccent.sty
Package: sansmathaccent 2020/01/31

(/nix/store/0jql6cn8jrks2l11dkisx5rl7nggaybg-texlive-2024-env-texmfdist/tex/lat
ex/koma-script/scrlfile.sty
Package: scrlfile 2024/10/24 v3.43 KOMA-Script package (file load hooks)

(/nix/store/0jql6cn8jrks2l11dkisx5rl7nggaybg-texlive-2024-env-texmfdist/tex/lat
ex/koma-script/scrlfile-hook.sty
Package: scrlfile-hook 2024/10/24 v3.43 KOMA-Script package (using LaTeX hooks)


(/nix/store/0jql6cn8jrks2l11dkisx5rl7nggaybg-texlive-2024-env-texmfdist/tex/lat
ex/koma-script/scrlogo.sty
Package: scrlogo 2024/10/24 v3.43 KOMA-Script package (logo)
)))))
(/nix/store/0jql6cn8jrks2l11dkisx5rl7nggaybg-texlive-2024-env-texmfdist/tex/lat
ex/beamer/beamerbasetranslator.sty
(/nix/store/0jql6cn8jrks2l11dkisx5rl7nggaybg-texlive-2024-env-texmfdist/tex/lat
ex/translator/translator.sty
Package: translator 2021-05-31 v1.12d Easy translation of strings in LaTeX
))
(/nix/store/0jql6cn8jrks2l11dkisx5rl7nggaybg-texlive-2024-env-texmfdist/tex/lat
ex/beamer/beamerbasemisc.sty)
(/nix/store/0jql6cn8jrks2l11dkisx5rl7nggaybg-texlive-2024-env-texmfdist/tex/lat
ex/beamer/beamerbasetwoscreens.sty)
(/nix/store/0jql6cn8jrks2l11dkisx5rl7nggaybg-texlive-2024-env-texmfdist/tex/lat
ex/beamer/beamerbaseoverlay.sty
\beamer@argscount=\count316
\beamer@lastskipcover=\skip52
\beamer@trivlistdepth=\count317
)
(/nix/store/0jql6cn8jrks2l11dkisx5rl7nggaybg-texlive-2024-env-texmfdist/tex/lat
ex/beamer/beamerbasetitle.sty)
(/nix/store/0jql6cn8jrks2l11dkisx5rl7nggaybg-texlive-2024-env-texmfdist/tex/lat
ex/beamer/beamerbasesection.sty
\c@lecture=\count318
\c@part=\count319
\c@section=\count320
\c@subsection=\count321
\c@subsubsection=\count322
)
(/nix/store/0jql6cn8jrks2l11dkisx5rl7nggaybg-texlive-2024-env-texmfdist/tex/lat
ex/beamer/beamerbaseframe.sty
\beamer@framebox=\box67
\beamer@frametitlebox=\box68
\beamer@zoombox=\box69
\beamer@zoomcount=\count323
\beamer@zoomframecount=\count324
\beamer@frametextheight=\dimen272
\c@subsectionslide=\count325
\beamer@frametopskip=\skip53
\beamer@framebottomskip=\skip54
\beamer@frametopskipautobreak=\skip55
\beamer@framebottomskipautobreak=\skip56
\beamer@envbody=\toks30
\framewidth=\dimen273
\c@framenumber=\count326
)
(/nix/store/0jql6cn8jrks2l11dkisx5rl7nggaybg-texlive-2024-env-texmfdist/tex/lat
ex/beamer/beamerbaseverbatim.sty
\beamer@verbatimfileout=\write4
)
(/nix/store/0jql6cn8jrks2l11dkisx5rl7nggaybg-texlive-2024-env-texmfdist/tex/lat
ex/beamer/beamerbaseframesize.sty
\beamer@splitbox=\box70
\beamer@autobreakcount=\count327
\beamer@autobreaklastheight=\dimen274
\beamer@frametitletoks=\toks31
\beamer@framesubtitletoks=\toks32
)
(/nix/store/0jql6cn8jrks2l11dkisx5rl7nggaybg-texlive-2024-env-texmfdist/tex/lat
ex/beamer/beamerbaseframecomponents.sty
\beamer@footins=\box71
)
(/nix/store/0jql6cn8jrks2l11dkisx5rl7nggaybg-texlive-2024-env-texmfdist/tex/lat
ex/beamer/beamerbasecolor.sty)
(/nix/store/0jql6cn8jrks2l11dkisx5rl7nggaybg-texlive-2024-env-texmfdist/tex/lat
ex/beamer/beamerbasenotes.sty
\beamer@frameboxcopy=\box72
)
(/nix/store/0jql6cn8jrks2l11dkisx5rl7nggaybg-texlive-2024-env-texmfdist/tex/lat
ex/beamer/beamerbasetoc.sty)
(/nix/store/0jql6cn8jrks2l11dkisx5rl7nggaybg-texlive-2024-env-texmfdist/tex/lat
ex/beamer/beamerbasetemplates.sty
\beamer@sbttoks=\toks33

(/nix/store/0jql6cn8jrks2l11dkisx5rl7nggaybg-texlive-2024-env-texmfdist/tex/lat
ex/beamer/beamerbaseauxtemplates.sty
(/nix/store/0jql6cn8jrks2l11dkisx5rl7nggaybg-texlive-2024-env-texmfdist/tex/lat
ex/beamer/beamerbaseboxes.sty
\bmb@box=\box73
\bmb@colorbox=\box74
\bmb@boxwidth=\dimen275
\bmb@boxheight=\dimen276
\bmb@prevheight=\dimen277
\bmb@temp=\dimen278
\bmb@dima=\dimen279
\bmb@dimb=\dimen280
\bmb@prevheight=\dimen281
)
\beamer@blockheadheight=\dimen282
))
(/nix/store/0jql6cn8jrks2l11dkisx5rl7nggaybg-texlive-2024-env-texmfdist/tex/lat
ex/beamer/beamerbaselocalstructure.sty
(/nix/store/0jql6cn8jrks2l11dkisx5rl7nggaybg-texlive-2024-env-texmfdist/tex/lat
ex/tools/enumerate.sty
Package: enumerate 2023/07/04 v3.00 enumerate extensions (DPC)
\@enLab=\toks34
)
\beamer@bibiconwidth=\skip57
\c@figure=\count328
\c@table=\count329
\abovecaptionskip=\skip58
\belowcaptionskip=\skip59
)
(/nix/store/0jql6cn8jrks2l11dkisx5rl7nggaybg-texlive-2024-env-texmfdist/tex/lat
ex/beamer/beamerbasenavigation.sty
(/nix/store/0jql6cn8jrks2l11dkisx5rl7nggaybg-texlive-2024-env-texmfdist/tex/lat
ex/beamer/beamerbasenavigationsymbols.tex)
\beamer@section@min@dim=\dimen283
)
(/nix/store/0jql6cn8jrks2l11dkisx5rl7nggaybg-texlive-2024-env-texmfdist/tex/lat
ex/beamer/beamerbasetheorems.sty
(/nix/store/0jql6cn8jrks2l11dkisx5rl7nggaybg-texlive-2024-env-texmfdist/tex/lat
ex/amsmath/amsmath.sty
Package: amsmath 2024/05/23 v2.17q AMS math features
\@mathmargin=\skip60

For additional information on amsmath, use the `?' option.

(/nix/store/0jql6cn8jrks2l11dkisx5rl7nggaybg-texlive-2024-env-texmfdist/tex/lat
ex/amsmath/amstext.sty
Package: amstext 2021/08/26 v2.01 AMS text

(/nix/store/0jql6cn8jrks2l11dkisx5rl7nggaybg-texlive-2024-env-texmfdist/tex/lat
ex/amsmath/amsgen.sty
File: amsgen.sty 1999/11/30 v2.0 generic functions
\@emptytoks=\toks35
\ex@=\dimen284
))
(/nix/store/0jql6cn8jrks2l11dkisx5rl7nggaybg-texlive-2024-env-texmfdist/tex/lat
ex/amsmath/amsbsy.sty
Package: amsbsy 1999/11/29 v1.2d Bold Symbols
\pmbraise@=\dimen285
)
(/nix/store/0jql6cn8jrks2l11dkisx5rl7nggaybg-texlive-2024-env-texmfdist/tex/lat
ex/amsmath/amsopn.sty
Package: amsopn 2022/04/08 v2.04 operator names
)
\inf@bad=\count330
LaTeX Info: Redefining \frac on input line 233.
\uproot@=\count331
\leftroot@=\count332
LaTeX Info: Redefining \overline on input line 398.
LaTeX Info: Redefining \colon on input line 409.
\classnum@=\count333
\DOTSCASE@=\count334
LaTeX Info: Redefining \ldots on input line 495.
LaTeX Info: Redefining \dots on input line 498.
LaTeX Info: Redefining \cdots on input line 619.
\Mathstrutbox@=\box75
\strutbox@=\box76
LaTeX Info: Redefining \big on input line 721.
LaTeX Info: Redefining \Big on input line 722.
LaTeX Info: Redefining \bigg on input line 723.
LaTeX Info: Redefining \Bigg on input line 724.
\big@size=\dimen286
LaTeX Font Info:    Redeclaring font encoding OML on input line 742.
LaTeX Font Info:    Redeclaring font encoding OMS on input line 743.
\macc@depth=\count335
LaTeX Info: Redefining \bmod on input line 904.
LaTeX Info: Redefining \pmod on input line 909.
LaTeX Info: Redefining \smash on input line 939.
LaTeX Info: Redefining \relbar on input line 969.
LaTeX Info: Redefining \Relbar on input line 970.
\c@MaxMatrixCols=\count336
\dotsspace@=\muskip18
\c@parentequation=\count337
\dspbrk@lvl=\count338
\tag@help=\toks36
\row@=\count339
\column@=\count340
\maxfields@=\count341
\andhelp@=\toks37
\eqnshift@=\dimen287
\alignsep@=\dimen288
\tagshift@=\dimen289
\tagwidth@=\dimen290
\totwidth@=\dimen291
\lineht@=\dimen292
\@envbody=\toks38
\multlinegap=\skip61
\multlinetaggap=\skip62
\mathdisplay@stack=\toks39
LaTeX Info: Redefining \[ on input line 2953.
LaTeX Info: Redefining \] on input line 2954.
)
(/nix/store/0jql6cn8jrks2l11dkisx5rl7nggaybg-texlive-2024-env-texmfdist/tex/lat
ex/amscls/amsthm.sty
Package: amsthm 2020/05/29 v2.20.6
\thm@style=\toks40
\thm@bodyfont=\toks41
\thm@headfont=\toks42
\thm@notefont=\toks43
\thm@headpunct=\toks44
\thm@preskip=\skip63
\thm@postskip=\skip64
\thm@headsep=\skip65
\dth@everypar=\toks45
)
\c@theorem=\count342
)
(/nix/store/0jql6cn8jrks2l11dkisx5rl7nggaybg-texlive-2024-env-texmfdist/tex/lat
ex/beamer/beamerbasethemes.sty))
(/nix/store/0jql6cn8jrks2l11dkisx5rl7nggaybg-texlive-2024-env-texmfdist/tex/lat
ex/beamer/beamerthemedefault.sty
(/nix/store/0jql6cn8jrks2l11dkisx5rl7nggaybg-texlive-2024-env-texmfdist/tex/lat
ex/beamer/beamerfontthemedefault.sty)
(/nix/store/0jql6cn8jrks2l11dkisx5rl7nggaybg-texlive-2024-env-texmfdist/tex/lat
ex/beamer/beamercolorthemedefault.sty)
(/nix/store/0jql6cn8jrks2l11dkisx5rl7nggaybg-texlive-2024-env-texmfdist/tex/lat
ex/beamer/beamerinnerthemedefault.sty
\beamer@dima=\dimen293
\beamer@dimb=\dimen294
)
(/nix/store/0jql6cn8jrks2l11dkisx5rl7nggaybg-texlive-2024-env-texmfdist/tex/lat
ex/beamer/beamerouterthemedefault.sty)))
(/nix/store/0jql6cn8jrks2l11dkisx5rl7nggaybg-texlive-2024-env-texmfdist/tex/lat
ex/tools/multicol.sty
Package: multicol 2024/05/23 v1.9h multicolumn formatting (FMi)
\c@tracingmulticols=\count343
\mult@box=\box77
\multicol@leftmargin=\dimen295
\c@unbalance=\count344
\c@collectmore=\count345
\doublecol@number=\count346
\multicoltolerance=\count347
\multicolpretolerance=\count348
\full@width=\dimen296
\page@free=\dimen297
\premulticols=\dimen298
\postmulticols=\dimen299
\multicolsep=\skip66
\multicolbaselineskip=\skip67
\partial@page=\box78
\last@line=\box79
\mc@boxedresult=\box80
\maxbalancingoverflow=\dimen300
\mult@rightbox=\box81
\mult@grightbox=\box82
\mult@firstbox=\box83
\mult@gfirstbox=\box84
\@tempa=\box85
\@tempa=\box86
\@tempa=\box87
\@tempa=\box88
\@tempa=\box89
\@tempa=\box90
\@tempa=\box91
\@tempa=\box92
\@tempa=\box93
\@tempa=\box94
\@tempa=\box95
\@tempa=\box96
\@tempa=\box97
\@tempa=\box98
\@tempa=\box99
\@tempa=\box100
\@tempa=\box101
\@tempa=\box102
\@tempa=\box103
\@tempa=\box104
\@tempa=\box105
\@tempa=\box106
\@tempa=\box107
\@tempa=\box108
\@tempa=\box109
\@tempa=\box110
\@tempa=\box111
\@tempa=\box112
\@tempa=\box113
\@tempa=\box114
\@tempa=\box115
\@tempa=\box116
\@tempa=\box117
\@tempa=\box118
\@tempa=\box119
\@tempa=\box120
\c@minrows=\count349
\c@columnbadness=\count350
\c@finalcolumnbadness=\count351
\last@try=\dimen301
\multicolovershoot=\dimen302
\multicolundershoot=\dimen303
\mult@nat@firstbox=\box121
\colbreak@box=\box122
\mc@col@check@num=\count352
)
(/nix/store/0jql6cn8jrks2l11dkisx5rl7nggaybg-texlive-2024-env-texmfdist/tex/lat
ex/listings/listings.sty
\lst@mode=\count353
\lst@gtempboxa=\box123
\lst@token=\toks46
\lst@length=\count354
\lst@currlwidth=\dimen304
\lst@column=\count355
\lst@pos=\count356
\lst@lostspace=\dimen305
\lst@width=\dimen306
\lst@newlines=\count357
\lst@lineno=\count358
\lst@maxwidth=\dimen307

(/nix/store/0jql6cn8jrks2l11dkisx5rl7nggaybg-texlive-2024-env-texmfdist/tex/lat
ex/listings/lstpatch.sty
File: lstpatch.sty 2024/09/23 1.10c (Carsten Heinz)
)
(/nix/store/0jql6cn8jrks2l11dkisx5rl7nggaybg-texlive-2024-env-texmfdist/tex/lat
ex/listings/lstmisc.sty
File: lstmisc.sty 2024/09/23 1.10c (Carsten Heinz)
\c@lstnumber=\count359
\lst@skipnumbers=\count360
\lst@framebox=\box124
)
(/nix/store/0jql6cn8jrks2l11dkisx5rl7nggaybg-texlive-2024-env-texmfdist/tex/lat
ex/listings/listings.cfg
File: listings.cfg 2024/09/23 1.10c listings configuration
))
Package: listings 2024/09/23 1.10c (Carsten Heinz)

(/nix/store/0jql6cn8jrks2l11dkisx5rl7nggaybg-texlive-2024-env-texmfdist/tex/gen
eric/soul/soul.sty
Package: soul 2023-06-14 v3.1 Permit use of UTF-8 characters in soul (HO)

(/nix/store/0jql6cn8jrks2l11dkisx5rl7nggaybg-texlive-2024-env-texmfdist/tex/gen
eric/soul/soul-ori.sty
Package: soul-ori 2023-06-14 v3.1 letterspacing/underlining (mf)
\SOUL@word=\toks47
\SOUL@lasttoken=\toks48
\SOUL@syllable=\toks49
\SOUL@cmds=\toks50
\SOUL@buffer=\toks51
\SOUL@token=\toks52
\SOUL@syllgoal=\dimen308
\SOUL@syllwidth=\dimen309
\SOUL@charkern=\dimen310
\SOUL@hyphkern=\dimen311
\SOUL@dimen=\dimen312
\SOUL@dimeni=\dimen313
\SOUL@minus=\count361
\SOUL@comma=\count362
\SOUL@apo=\count363
\SOUL@grave=\count364
\SOUL@spaceskip=\skip68
\SOUL@ttwidth=\dimen314
\SOUL@uldp=\dimen315
\SOUL@ulht=\dimen316
)
(/nix/store/0jql6cn8jrks2l11dkisx5rl7nggaybg-texlive-2024-env-texmfdist/tex/gen
eric/etexcmds/etexcmds.sty
Package: etexcmds 2019/12/15 v1.7 Avoid name clashes with e-TeX commands (HO)
))
(/nix/store/0jql6cn8jrks2l11dkisx5rl7nggaybg-texlive-2024-env-texmfdist/tex/lat
ex/sourcesanspro/sourcesanspro.sty
Package: sourcesanspro 2018/05/19 v2.7 Adobe's Source Sans Pro typeface

(/nix/store/0jql6cn8jrks2l11dkisx5rl7nggaybg-texlive-2024-env-texmfdist/tex/gen
eric/iftex/ifxetex.sty
Package: ifxetex 2019/10/25 v0.7 ifxetex legacy package. Use iftex instead.
)
(/nix/store/0jql6cn8jrks2l11dkisx5rl7nggaybg-texlive-2024-env-texmfdist/tex/gen
eric/iftex/ifluatex.sty
Package: ifluatex 2019/10/25 v1.5 ifluatex legacy package. Use iftex instead.
)
(/nix/store/0jql6cn8jrks2l11dkisx5rl7nggaybg-texlive-2024-env-texmfdist/tex/lat
ex/xkeyval/xkeyval.sty
Package: xkeyval 2022/06/16 v2.9 package option processing (HA)

(/nix/store/0jql6cn8jrks2l11dkisx5rl7nggaybg-texlive-2024-env-texmfdist/tex/gen
eric/xkeyval/xkeyval.tex
(/nix/store/0jql6cn8jrks2l11dkisx5rl7nggaybg-texlive-2024-env-texmfdist/tex/gen
eric/xkeyval/xkvutils.tex
\XKV@toks=\toks53
\XKV@tempa@toks=\toks54
)
\XKV@depth=\count365
File: xkeyval.tex 2014/12/03 v2.7a key=value parser (HA)
))
(/nix/store/0jql6cn8jrks2l11dkisx5rl7nggaybg-texlive-2024-env-texmfdist/tex/lat
ex/base/fontenc.sty
Package: fontenc 2021/04/29 v2.0v Standard LaTeX package

(/nix/store/0jql6cn8jrks2l11dkisx5rl7nggaybg-texlive-2024-env-texmfdist/tex/lat
ex/ly1/ly1enc.def
File: ly1enc.def 2022/06/11 v0.8 TeX 'n ANSI encoding (DPC/KB)
Now handling font encoding LY1 ...
... processing UTF-8 mapping file for font encoding LY1

(/nix/store/0jql6cn8jrks2l11dkisx5rl7nggaybg-texlive-2024-env-texmfdist/tex/lat
ex/base/ly1enc.dfu
File: ly1enc.dfu 2022/06/07 v1.3c UTF-8 support
   defining Unicode char U+00A0 (decimal 160)
   defining Unicode char U+00A1 (decimal 161)
   defining Unicode char U+00A2 (decimal 162)
   defining Unicode char U+00A3 (decimal 163)
   defining Unicode char U+00A4 (decimal 164)
   defining Unicode char U+00A5 (decimal 165)
   defining Unicode char U+00A6 (decimal 166)
   defining Unicode char U+00A7 (decimal 167)
   defining Unicode char U+00AA (decimal 170)
   defining Unicode char U+00AB (decimal 171)
   defining Unicode char U+00AD (decimal 173)
   defining Unicode char U+00AE (decimal 174)
   defining Unicode char U+00B0 (decimal 176)
   defining Unicode char U+00B5 (decimal 181)
   defining Unicode char U+00B6 (decimal 182)
   defining Unicode char U+00B7 (decimal 183)
   defining Unicode char U+00BA (decimal 186)
   defining Unicode char U+00BB (decimal 187)
   defining Unicode char U+00BC (decimal 188)
   defining Unicode char U+00BD (decimal 189)
   defining Unicode char U+00BE (decimal 190)
   defining Unicode char U+00BF (decimal 191)
   defining Unicode char U+00C0 (decimal 192)
   defining Unicode char U+00C1 (decimal 193)
   defining Unicode char U+00C2 (decimal 194)
   defining Unicode char U+00C3 (decimal 195)
   defining Unicode char U+00C4 (decimal 196)
   defining Unicode char U+00C5 (decimal 197)
   defining Unicode char U+00C6 (decimal 198)
   defining Unicode char U+00C7 (decimal 199)
   defining Unicode char U+00C8 (decimal 200)
   defining Unicode char U+00C9 (decimal 201)
   defining Unicode char U+00CA (decimal 202)
   defining Unicode char U+00CB (decimal 203)
   defining Unicode char U+00CC (decimal 204)
   defining Unicode char U+00CD (decimal 205)
   defining Unicode char U+00CE (decimal 206)
   defining Unicode char U+00CF (decimal 207)
   defining Unicode char U+00D0 (decimal 208)
   defining Unicode char U+00D1 (decimal 209)
   defining Unicode char U+00D2 (decimal 210)
   defining Unicode char U+00D3 (decimal 211)
   defining Unicode char U+00D4 (decimal 212)
   defining Unicode char U+00D5 (decimal 213)
   defining Unicode char U+00D6 (decimal 214)
   defining Unicode char U+00D8 (decimal 216)
   defining Unicode char U+00D9 (decimal 217)
   defining Unicode char U+00DA (decimal 218)
   defining Unicode char U+00DB (decimal 219)
   defining Unicode char U+00DC (decimal 220)
   defining Unicode char U+00DD (decimal 221)
   defining Unicode char U+00DE (decimal 222)
   defining Unicode char U+00DF (decimal 223)
   defining Unicode char U+00E0 (decimal 224)
   defining Unicode char U+00E1 (decimal 225)
   defining Unicode char U+00E2 (decimal 226)
   defining Unicode char U+00E3 (decimal 227)
   defining Unicode char U+00E4 (decimal 228)
   defining Unicode char U+00E5 (decimal 229)
   defining Unicode char U+00E6 (decimal 230)
   defining Unicode char U+00E7 (decimal 231)
   defining Unicode char U+00E8 (decimal 232)
   defining Unicode char U+00E9 (decimal 233)
   defining Unicode char U+00EA (decimal 234)
   defining Unicode char U+00EB (decimal 235)
   defining Unicode char U+00EC (decimal 236)
   defining Unicode char U+00ED (decimal 237)
   defining Unicode char U+00EE (decimal 238)
   defining Unicode char U+00EF (decimal 239)
   defining Unicode char U+00F0 (decimal 240)
   defining Unicode char U+00F1 (decimal 241)
   defining Unicode char U+00F2 (decimal 242)
   defining Unicode char U+00F3 (decimal 243)
   defining Unicode char U+00F4 (decimal 244)
   defining Unicode char U+00F5 (decimal 245)
   defining Unicode char U+00F6 (decimal 246)
   defining Unicode char U+00F8 (decimal 248)
   defining Unicode char U+00F9 (decimal 249)
   defining Unicode char U+00FA (decimal 250)
   defining Unicode char U+00FB (decimal 251)
   defining Unicode char U+00FC (decimal 252)
   defining Unicode char U+00FD (decimal 253)
   defining Unicode char U+00FE (decimal 254)
   defining Unicode char U+00FF (decimal 255)
   defining Unicode char U+0131 (decimal 305)
   defining Unicode char U+0141 (decimal 321)
   defining Unicode char U+0142 (decimal 322)
   defining Unicode char U+0152 (decimal 338)
   defining Unicode char U+0153 (decimal 339)
   defining Unicode char U+0160 (decimal 352)
   defining Unicode char U+0161 (decimal 353)
   defining Unicode char U+0174 (decimal 372)
   defining Unicode char U+0175 (decimal 373)
   defining Unicode char U+0176 (decimal 374)
   defining Unicode char U+0177 (decimal 375)
   defining Unicode char U+0178 (decimal 376)
   defining Unicode char U+017D (decimal 381)
   defining Unicode char U+017E (decimal 382)
   defining Unicode char U+0192 (decimal 402)
   defining Unicode char U+0218 (decimal 536)
   defining Unicode char U+0219 (decimal 537)
   defining Unicode char U+021A (decimal 538)
   defining Unicode char U+021B (decimal 539)
   defining Unicode char U+0237 (decimal 567)
   defining Unicode char U+02C6 (decimal 710)
   defining Unicode char U+02DC (decimal 732)
   defining Unicode char U+2013 (decimal 8211)
   defining Unicode char U+2014 (decimal 8212)
   defining Unicode char U+201C (decimal 8220)
   defining Unicode char U+201D (decimal 8221)
   defining Unicode char U+2020 (decimal 8224)
   defining Unicode char U+2021 (decimal 8225)
   defining Unicode char U+2022 (decimal 8226)
   defining Unicode char U+2026 (decimal 8230)
   defining Unicode char U+2030 (decimal 8240)
   defining Unicode char U+2039 (decimal 8249)
   defining Unicode char U+203A (decimal 8250)
   defining Unicode char U+2122 (decimal 8482)
   defining Unicode char U+FB00 (decimal 64256)
   defining Unicode char U+FB01 (decimal 64257)
   defining Unicode char U+FB02 (decimal 64258)
   defining Unicode char U+FB03 (decimal 64259)
   defining Unicode char U+FB04 (decimal 64260)
   defining Unicode char U+FB05 (decimal 64261)
   defining Unicode char U+FB06 (decimal 64262)
))))
(/nix/store/0jql6cn8jrks2l11dkisx5rl7nggaybg-texlive-2024-env-texmfdist/tex/lat
ex/base/fontenc.sty
Package: fontenc 2021/04/29 v2.0v Standard LaTeX package
LaTeX Font Info:    Trying to load font information for T1+SourceSansPro-TLF on
 input line 116.

(/nix/store/0jql6cn8jrks2l11dkisx5rl7nggaybg-texlive-2024-env-texmfdist/tex/lat
ex/sourcesanspro/T1SourceSansPro-TLF.fd
File: T1SourceSansPro-TLF.fd 2020/01/19 (autoinst) Font definitions for T1/Sour
ceSansPro-TLF.
)
LaTeX Font Info:    Font shape `T1/SourceSansPro-TLF/m/n' aliased to
(Font)              `T1/SourceSansPro-TLF/regular/n' on input line 116.
LaTeX Font Info:    Font shape `T1/SourceSansPro-TLF/regular/n' will be
(Font)              scaled to size 8.0pt on input line 116.
)
(/nix/store/0jql6cn8jrks2l11dkisx5rl7nggaybg-texlive-2024-env-texmfdist/tex/lat
ex/caption/caption.sty
Package: caption 2023/08/05 v3.6o Customizing captions (AR)

(/nix/store/0jql6cn8jrks2l11dkisx5rl7nggaybg-texlive-2024-env-texmfdist/tex/lat
ex/caption/caption3.sty
Package: caption3 2023/07/31 v2.4d caption3 kernel (AR)
\caption@tempdima=\dimen317
\captionmargin=\dimen318
\caption@leftmargin=\dimen319
\caption@rightmargin=\dimen320
\caption@width=\dimen321
\caption@indent=\dimen322
\caption@parindent=\dimen323
\caption@hangindent=\dimen324
Package caption Info: beamer document class detected.

(/nix/store/0jql6cn8jrks2l11dkisx5rl7nggaybg-texlive-2024-env-texmfdist/tex/lat
ex/caption/caption-beamer.sto
File: caption-beamer.sto 2022/01/06 v2.0c Adaption of the caption package to th
e beamer document classes (AR)
))
\c@caption@flags=\count366
\c@continuedfloat=\count367
Package caption Info: hyperref package is loaded.
Package caption Info: Hyperref support is turned off
(caption)             because hyperref has stopped early.
Package caption Info: listings package is loaded.
)
(/nix/store/0jql6cn8jrks2l11dkisx5rl7nggaybg-texlive-2024-env-texmfdist/tex/lat
ex/base/fontenc.sty
Package: fontenc 2021/04/29 v2.0v Standard LaTeX package
) (./beamerthemeDark.sty
(/nix/store/0jql6cn8jrks2l11dkisx5rl7nggaybg-texlive-2024-env-texmfdist/tex/lat
ex/beamer/beamerthemeWarsaw.sty
(/nix/store/0jql6cn8jrks2l11dkisx5rl7nggaybg-texlive-2024-env-texmfdist/tex/lat
ex/beamer/beamerinnerthemerounded.sty)
(/nix/store/0jql6cn8jrks2l11dkisx5rl7nggaybg-texlive-2024-env-texmfdist/tex/lat
ex/beamer/beamerouterthemeshadow.sty
(/nix/store/0jql6cn8jrks2l11dkisx5rl7nggaybg-texlive-2024-env-texmfdist/tex/lat
ex/beamer/beamerouterthemesplit.sty))
(/nix/store/0jql6cn8jrks2l11dkisx5rl7nggaybg-texlive-2024-env-texmfdist/tex/lat
ex/beamer/beamercolorthemeorchid.sty)
(/nix/store/0jql6cn8jrks2l11dkisx5rl7nggaybg-texlive-2024-env-texmfdist/tex/lat
ex/beamer/beamercolorthemewhale.sty))
(/nix/store/0jql6cn8jrks2l11dkisx5rl7nggaybg-texlive-2024-env-texmfdist/tex/lat
ex/graphics/dvipsnam.def
File: dvipsnam.def 2016/06/17 v3.0m Driver-dependent file (DPC,SPQR)
)
(/nix/store/0jql6cn8jrks2l11dkisx5rl7nggaybg-texlive-2024-env-texmfdist/tex/lat
ex/beamer/beamerouterthememiniframes.sty))
(/nix/store/0jql6cn8jrks2l11dkisx5rl7nggaybg-texlive-2024-env-texmfdist/tex/lat
ex/l3backend/l3backend-pdftex.def
File: l3backend-pdftex.def 2024-05-08 L3 backend support: PDF output (pdfTeX)
\l__color_backend_stack_int=\count368
\l__pdf_internal_box=\box125
) (build/SeniorDesignFinalPresentation.aux)
\openout1 = `SeniorDesignFinalPresentation.aux'.

LaTeX Font Info:    Checking defaults for OML/cmm/m/it on input line 36.
LaTeX Font Info:    ... okay on input line 36.
LaTeX Font Info:    Checking defaults for OMS/cmsy/m/n on input line 36.
LaTeX Font Info:    ... okay on input line 36.
LaTeX Font Info:    Checking defaults for OT1/cmr/m/n on input line 36.
LaTeX Font Info:    ... okay on input line 36.
LaTeX Font Info:    Checking defaults for T1/cmr/m/n on input line 36.
LaTeX Font Info:    ... okay on input line 36.
LaTeX Font Info:    Checking defaults for TS1/cmr/m/n on input line 36.
LaTeX Font Info:    ... okay on input line 36.
LaTeX Font Info:    Checking defaults for OMX/cmex/m/n on input line 36.
LaTeX Font Info:    ... okay on input line 36.
LaTeX Font Info:    Checking defaults for U/cmr/m/n on input line 36.
LaTeX Font Info:    ... okay on input line 36.
LaTeX Font Info:    Checking defaults for PD1/pdf/m/n on input line 36.
LaTeX Font Info:    ... okay on input line 36.
LaTeX Font Info:    Checking defaults for PU/pdf/m/n on input line 36.
LaTeX Font Info:    ... okay on input line 36.
LaTeX Font Info:    Checking defaults for LY1/ptm/m/n on input line 36.
LaTeX Font Info:    Trying to load font information for LY1+ptm on input line 3
6.

(/nix/store/0jql6cn8jrks2l11dkisx5rl7nggaybg-texlive-2024-env-texmfdist/tex/lat
ex/ly1/ly1ptm.fd
File: ly1ptm.fd 2001/02/01 font definitions for LY1/ptm using Berry names.
)
LaTeX Font Info:    ... okay on input line 36.

*geometry* driver: auto-detecting
*geometry* detected driver: pdftex
*geometry* verbose mode - [ preamble ] result:
* driver: pdftex
* paper: custom
* layout: <same size as paper>
* layoutoffset:(h,v)=(0.0pt,0.0pt)
* modes: includehead includefoot 
* h-part:(L,W,R)=(28.45274pt, 398.3386pt, 28.45274pt)
* v-part:(T,H,B)=(0.0pt, 256.0748pt, 0.0pt)
* \paperwidth=455.24408pt
* \paperheight=256.0748pt
* \textwidth=398.3386pt
* \textheight=227.62207pt
* \oddsidemargin=-43.81725pt
* \evensidemargin=-43.81725pt
* \topmargin=-72.26999pt
* \headheight=14.22636pt
* \headsep=0.0pt
* \topskip=9.0pt
* \footskip=14.22636pt
* \marginparwidth=4.0pt
* \marginparsep=10.0pt
* \columnsep=10.0pt
* \skip\footins=7.0pt plus 4.0pt minus 2.0pt
* \hoffset=0.0pt
* \voffset=0.0pt
* \mag=1000
* \@twocolumnfalse
* \@twosidefalse
* \@mparswitchfalse
* \@reversemarginfalse
* (1in=72.27pt=25.4mm, 1cm=28.453pt)


(/nix/store/0jql6cn8jrks2l11dkisx5rl7nggaybg-texlive-2024-env-texmfdist/tex/con
text/base/mkii/supp-pdf.mkii
[Loading MPS to PDF converter (version 2006.09.02).]
\scratchcounter=\count369
\scratchdimen=\dimen325
\scratchbox=\box126
\nofMPsegments=\count370
\nofMParguments=\count371
\everyMPshowfont=\toks55
\MPscratchCnt=\count372
\MPscratchDim=\dimen326
\MPnumerator=\count373
\makeMPintoPDFobject=\count374
\everyMPtoPDFconversion=\toks56
)
(/nix/store/0jql6cn8jrks2l11dkisx5rl7nggaybg-texlive-2024-env-texmfdist/tex/lat
ex/epstopdf-pkg/epstopdf-base.sty
Package: epstopdf-base 2020-01-24 v2.11 Base part for package epstopdf
Package epstopdf-base Info: Redefining graphics rule for `.eps' on input line 4
85.

(/nix/store/0jql6cn8jrks2l11dkisx5rl7nggaybg-texlive-2024-env-texmfdist/tex/lat
ex/latexconfig/epstopdf-sys.cfg
File: epstopdf-sys.cfg 2010/07/13 v1.3 Configuration of (r)epstopdf for TeX Liv
e
))
Package hyperref Info: Link coloring OFF on input line 36.
 (build/SeniorDesignFinalPresentation.out)
(build/SeniorDesignFinalPresentation.out)
\@outlinefile=\write5
\openout5 = `SeniorDesignFinalPresentation.out'.

LaTeX Font Info:    Overwriting symbol font `operators' in version `normal'
(Font)                  OT1/cmr/m/n --> OT1/cmss/m/n on input line 36.
LaTeX Font Info:    Overwriting symbol font `operators' in version `bold'
(Font)                  OT1/cmr/bx/n --> OT1/cmss/b/n on input line 36.
\symnumbers=\mathgroup6
\sympureletters=\mathgroup7
LaTeX Font Info:    Overwriting math alphabet `\mathrm' in version `normal'
(Font)                  OT1/cmss/m/n --> T1/cmr/m/n on input line 36.
LaTeX Font Info:    Redeclaring math alphabet \mathbf on input line 36.
LaTeX Font Info:    Overwriting math alphabet `\mathbf' in version `normal'
(Font)                  OT1/cmr/bx/n --> T1/SourceSansPro-TLF/b/n on input line
 36.
LaTeX Font Info:    Overwriting math alphabet `\mathbf' in version `bold'
(Font)                  OT1/cmr/bx/n --> T1/SourceSansPro-TLF/b/n on input line
 36.
LaTeX Font Info:    Redeclaring math alphabet \mathsf on input line 36.
LaTeX Font Info:    Overwriting math alphabet `\mathsf' in version `normal'
(Font)                  OT1/cmss/m/n --> T1/SourceSansPro-TLF/m/n on input line
 36.
LaTeX Font Info:    Overwriting math alphabet `\mathsf' in version `bold'
(Font)                  OT1/cmss/bx/n --> T1/SourceSansPro-TLF/m/n on input lin
e 36.
LaTeX Font Info:    Redeclaring math alphabet \mathit on input line 36.
LaTeX Font Info:    Overwriting math alphabet `\mathit' in version `normal'
(Font)                  OT1/cmr/m/it --> T1/SourceSansPro-TLF/m/it on input lin
e 36.
LaTeX Font Info:    Overwriting math alphabet `\mathit' in version `bold'
(Font)                  OT1/cmr/bx/it --> T1/SourceSansPro-TLF/m/it on input li
ne 36.
LaTeX Font Info:    Redeclaring math alphabet \mathtt on input line 36.
LaTeX Font Info:    Overwriting math alphabet `\mathtt' in version `normal'
(Font)                  OT1/cmtt/m/n --> T1/cmtt/m/n on input line 36.
LaTeX Font Info:    Overwriting math alphabet `\mathtt' in version `bold'
(Font)                  OT1/cmtt/m/n --> T1/cmtt/m/n on input line 36.
LaTeX Font Info:    Overwriting symbol font `numbers' in version `bold'
(Font)                  T1/SourceSansPro-TLF/m/n --> T1/SourceSansPro-TLF/b/n o
n input line 36.
LaTeX Font Info:    Overwriting symbol font `pureletters' in version `bold'
(Font)                  T1/SourceSansPro-TLF/m/it --> T1/SourceSansPro-TLF/b/it
 on input line 36.
LaTeX Font Info:    Overwriting math alphabet `\mathrm' in version `bold'
(Font)                  OT1/cmss/b/n --> T1/cmr/b/n on input line 36.
LaTeX Font Info:    Overwriting math alphabet `\mathbf' in version `bold'
(Font)                  T1/SourceSansPro-TLF/b/n --> T1/SourceSansPro-TLF/b/n o
n input line 36.
LaTeX Font Info:    Overwriting math alphabet `\mathsf' in version `bold'
(Font)                  T1/SourceSansPro-TLF/m/n --> T1/SourceSansPro-TLF/b/n o
n input line 36.
LaTeX Font Info:    Overwriting math alphabet `\mathit' in version `bold'
(Font)                  T1/SourceSansPro-TLF/m/it --> T1/SourceSansPro-TLF/b/it
 on input line 36.
LaTeX Font Info:    Overwriting math alphabet `\mathtt' in version `bold'
(Font)                  T1/cmtt/m/n --> T1/cmtt/b/n on input line 36.

(/nix/store/0jql6cn8jrks2l11dkisx5rl7nggaybg-texlive-2024-env-texmfdist/tex/lat
ex/translator/translator-basic-dictionary-English.dict
Dictionary: translator-basic-dictionary, Language: English 
)
(/nix/store/0jql6cn8jrks2l11dkisx5rl7nggaybg-texlive-2024-env-texmfdist/tex/lat
ex/translator/translator-bibliography-dictionary-English.dict
Dictionary: translator-bibliography-dictionary, Language: English 
)
(/nix/store/0jql6cn8jrks2l11dkisx5rl7nggaybg-texlive-2024-env-texmfdist/tex/lat
ex/translator/translator-environment-dictionary-English.dict
Dictionary: translator-environment-dictionary, Language: English 
)
(/nix/store/0jql6cn8jrks2l11dkisx5rl7nggaybg-texlive-2024-env-texmfdist/tex/lat
ex/translator/translator-months-dictionary-English.dict
Dictionary: translator-months-dictionary, Language: English 
)
(/nix/store/0jql6cn8jrks2l11dkisx5rl7nggaybg-texlive-2024-env-texmfdist/tex/lat
ex/translator/translator-numbers-dictionary-English.dict
Dictionary: translator-numbers-dictionary, Language: English 
)
(/nix/store/0jql6cn8jrks2l11dkisx5rl7nggaybg-texlive-2024-env-texmfdist/tex/lat
ex/translator/translator-theorem-dictionary-English.dict
Dictionary: translator-theorem-dictionary, Language: English 
)
\c@lstlisting=\count375
Package caption Info: Begin \AtBeginDocument code.
Package caption Info: End \AtBeginDocument code.

(build/SeniorDesignFinalPresentation.nav)
LaTeX Font Info:    Font shape `T1/SourceSansPro-TLF/m/n' aliased to
(Font)              `T1/SourceSansPro-TLF/regular/n' on input line 36.
LaTeX Font Info:    Font shape `T1/SourceSansPro-TLF/regular/n' will be
(Font)              scaled to size 5.0pt on input line 36.
LaTeX Font Info:    Font shape `T1/SourceSansPro-TLF/m/n' aliased to
(Font)              `T1/SourceSansPro-TLF/regular/n' on input line 55.
LaTeX Font Info:    Font shape `T1/SourceSansPro-TLF/regular/n' will be
(Font)              scaled to size 10.95pt on input line 55.
<assets/WMU_Logo.png, id=196, 268.00125pt x 258.9675pt>
File: assets/WMU_Logo.png Graphic file (type png)
<use assets/WMU_Logo.png>
Package pdftex.def Info: assets/WMU_Logo.png  used on input line 55.
(pdftex.def)             Requested size: 58.89093pt x 56.9055pt.
<assets/zf.png, id=198, 1027.84pt x 1027.84pt>
File: assets/zf.png Graphic file (type png)
<use assets/zf.png>
Package pdftex.def Info: assets/zf.png  used on input line 55.
(pdftex.def)             Requested size: 56.89993pt x 56.9055pt.
LaTeX Font Info:    Font shape `T1/SourceSansPro-TLF/m/n' aliased to
(Font)              `T1/SourceSansPro-TLF/regular/n' on input line 55.
LaTeX Font Info:    Font shape `T1/SourceSansPro-TLF/regular/n' will be
(Font)              scaled to size 7.0pt on input line 55.


[1

{/nix/store/grprq9jwq5rdyk4kr7lzgyhbcx2dxcbc-texlive-2024-env/share/texmf-var/f
onts/map/pdftex/updmap/pdftex.map}{/nix/store/0jql6cn8jrks2l11dkisx5rl7nggaybg-
texlive-2024-env-texmfdist/fonts/enc/dvips/sourcesanspro/a_emkxm5.enc} <./asset
s/WMU_Logo.png> <./assets/zf.png>] (build/SeniorDesignFinalPresentation.toc)

LaTeX Font Info:    Font shape `T1/SourceSansPro-TLF/m/n' aliased to
(Font)              `T1/SourceSansPro-TLF/regular/n' on input line 64.
LaTeX Font Info:    Font shape `T1/SourceSansPro-TLF/regular/n' will be
(Font)              scaled to size 4.0pt on input line 64.
[2

]
LaTeX Font Info:    Trying to load font information for U+msa on input line 109
.

(/nix/store/0jql6cn8jrks2l11dkisx5rl7nggaybg-texlive-2024-env-texmfdist/tex/lat
ex/amsfonts/umsa.fd
File: umsa.fd 2013/01/14 v3.01 AMS symbols A
)
LaTeX Font Info:    Trying to load font information for U+msb on input line 109
.

(/nix/store/0jql6cn8jrks2l11dkisx5rl7nggaybg-texlive-2024-env-texmfdist/tex/lat
ex/amsfonts/umsb.fd
File: umsb.fd 2013/01/14 v3.01 AMS symbols B
)
LaTeX Font Info:    Font shape `T1/SourceSansPro-TLF/m/n' aliased to
(Font)              `T1/SourceSansPro-TLF/regular/n' on input line 109.
LaTeX Font Info:    Font shape `T1/SourceSansPro-TLF/regular/n' will be
(Font)              scaled to size 6.0pt on input line 109.
LaTeX Font Info:    Font shape `T1/SourceSansPro-TLF/m/it' aliased to
(Font)              `T1/SourceSansPro-TLF/regular/it' on input line 109.
LaTeX Font Info:    Font shape `T1/SourceSansPro-TLF/regular/it' will be
(Font)              scaled to size 8.0pt on input line 109.
LaTeX Font Info:    Font shape `T1/SourceSansPro-TLF/m/it' aliased to
(Font)              `T1/SourceSansPro-TLF/regular/it' on input line 109.
LaTeX Font Info:    Font shape `T1/SourceSansPro-TLF/regular/it' will be
(Font)              scaled to size 6.0pt on input line 109.
LaTeX Font Info:    Font shape `T1/SourceSansPro-TLF/m/it' aliased to
(Font)              `T1/SourceSansPro-TLF/regular/it' on input line 109.
LaTeX Font Info:    Font shape `T1/SourceSansPro-TLF/regular/it' will be
(Font)              scaled to size 5.0pt on input line 109.
<assets/misc/zf-office.jpg, id=482, 1365.1pt x 767.86874pt>
File: assets/misc/zf-office.jpg Graphic file (type jpg)
<use assets/misc/zf-office.jpg>
Package pdftex.def Info: assets/misc/zf-office.jpg  used on input line 109.
(pdftex.def)             Requested size: 179.25114pt x 100.82236pt.


[3

 <./assets/misc/zf-office.jpg>]

[4

]
<assets/misc/abs-tester.png, id=763, 1412.27625pt x 448.67625pt>
File: assets/misc/abs-tester.png Graphic file (type png)
<use assets/misc/abs-tester.png>
Package pdftex.def Info: assets/misc/abs-tester.png  used on input line 193.
(pdftex.def)             Requested size: 189.21326pt x 60.10997pt.


[5

 <./assets/misc/abs-tester.png>]

[6

]
LaTeX Font Info:    Font shape `T1/SourceSansPro-TLF/b/n' aliased to
(Font)              `T1/SourceSansPro-TLF/bold/n' on input line 265.
LaTeX Font Info:    Font shape `T1/SourceSansPro-TLF/bold/n' will be
(Font)              scaled to size 8.0pt on input line 265.


[7

] (build/SeniorDesignFinalPresentation.toc)

[8

]
<assets/diagrams/hardware.png, id=1267, 1543.7675pt x 813.0375pt>
File: assets/diagrams/hardware.png Graphic file (type png)
<use assets/diagrams/hardware.png>
Package pdftex.def Info: assets/diagrams/hardware.png  used on input line 306.
(pdftex.def)             Requested size: 199.1693pt x 104.8922pt.
LaTeX Font Info:    Font shape `T1/SourceSansPro-TLF/b/n' aliased to
(Font)              `T1/SourceSansPro-TLF/bold/n' on input line 306.
LaTeX Font Info:    Font shape `T1/SourceSansPro-TLF/bold/n' will be
(Font)              scaled to size 7.0pt on input line 306.

Overfull \vbox (8.08658pt too high) detected at line 306
 []



[9

 <./assets/diagrams/hardware.png>]
LaTeX Font Info:    Font shape `T1/SourceSansPro-TLF/m/n' aliased to
(Font)              `T1/SourceSansPro-TLF/regular/n' on input line 334.
LaTeX Font Info:    Font shape `T1/SourceSansPro-TLF/regular/n' will be
(Font)              scaled to size 10.0pt on input line 334.
LaTeX Font Info:    Font shape `T1/SourceSansPro-TLF/b/n' aliased to
(Font)              `T1/SourceSansPro-TLF/bold/n' on input line 334.
LaTeX Font Info:    Font shape `T1/SourceSansPro-TLF/bold/n' will be
(Font)              scaled to size 10.0pt on input line 334.


[10

]
<assets/diagrams/block_diagram.drawio.png, id=1522, 1548.78625pt x 1176.395pt>
File: assets/diagrams/block_diagram.drawio.png Graphic file (type png)
<use assets/diagrams/block_diagram.drawio.png>
Package pdftex.def Info: assets/diagrams/block_diagram.drawio.png  used on inpu
t line 343.
(pdftex.def)             Requested size: 286.5446pt x 217.66513pt.

Overfull \vbox (9.52954pt too high) detected at line 343
 []



[11

 <./assets/diagrams/block_diagram.drawio.png>]
<assets/diagrams/gantt.png, id=1639, 2200.22pt x 1666.225pt>
File: assets/diagrams/gantt.png Graphic file (type png)
<use assets/diagrams/gantt.png>
Package pdftex.def Info: assets/diagrams/gantt.png  used on input line 354.
(pdftex.def)             Requested size: 287.41512pt x 217.66513pt.

Overfull \vbox (9.52954pt too high) detected at line 354
 []



[12

 <./assets/diagrams/gantt.png>]
<assets/diagrams/budget.png, id=1756, 1421.31pt x 994.71625pt>
File: assets/diagrams/budget.png Graphic file (type png)
<use assets/diagrams/budget.png>
Package pdftex.def Info: assets/diagrams/budget.png  used on input line 366.
(pdftex.def)             Requested size: 292.71506pt x 204.86061pt.


[13

 <./assets/diagrams/budget.png>]

[14

] (build/SeniorDesignFinalPresentation.toc)

[15

]
<assets/electronic/pwrsupply.jpg, id=2132, 581.17125pt x 158.69287pt>
File: assets/electronic/pwrsupply.jpg Graphic file (type jpg)
<use assets/electronic/pwrsupply.jpg>
Package pdftex.def Info: assets/electronic/pwrsupply.jpg  used on input line 42
4.
(pdftex.def)             Requested size: 278.83578pt x 76.1378pt.


[16

 <./assets/electronic/pwrsupply.jpg>]
<assets/electronic/bst_schem.jpg, id=2271, 352.31625pt x 205.36725pt>
File: assets/electronic/bst_schem.jpg Graphic file (type jpg)
<use assets/electronic/bst_schem.jpg>
Package pdftex.def Info: assets/electronic/bst_schem.jpg  used on input line 44
5.
(pdftex.def)             Requested size: 239.00558pt x 139.31885pt.


[17

 <./assets/electronic/bst_schem.jpg>]
<assets/electronic/wear_schem.jpg, id=2399, 213.79875pt x 93.34875pt>
File: assets/electronic/wear_schem.jpg Graphic file (type jpg)
<use assets/electronic/wear_schem.jpg>
Package pdftex.def Info: assets/electronic/wear_schem.jpg  used on input line 4
78.
(pdftex.def)             Requested size: 197.17564pt x 86.09126pt.
<assets/electronic/pressure_schem.jpg, id=2400, 233.37187pt x 94.85437pt>
File: assets/electronic/pressure_schem.jpg Graphic file (type jpg)
<use assets/electronic/pressure_schem.jpg>
Package pdftex.def Info: assets/electronic/pressure_schem.jpg  used on input li
ne 478.
(pdftex.def)             Requested size: 197.17564pt x 80.14606pt.
<assets/electronic/string_pcb.jpg, id=2401, 188.20313pt x 100.87688pt>
File: assets/electronic/string_pcb.jpg Graphic file (type jpg)
<use assets/electronic/string_pcb.jpg>
Package pdftex.def Info: assets/electronic/string_pcb.jpg  used on input line 4
78.
(pdftex.def)             Requested size: 195.1881pt x 104.62778pt.

Overfull \vbox (11.10173pt too high) detected at line 478
 []



[18

 <./assets/electronic/wear_schem.jpg> <./assets/electronic/pressure_schem.jpg> 
<./assets/electronic/string_pcb.jpg>]
<assets/electronic/pwrsupply_pcb.jpg, id=2529, 329.73187pt x 345.39038pt>
File: assets/electronic/pwrsupply_pcb.jpg Graphic file (type jpg)
<use assets/electronic/pwrsupply_pcb.jpg>
Package pdftex.def Info: assets/electronic/pwrsupply_pcb.jpg  used on input lin
e 534.
(pdftex.def)             Requested size: 119.50279pt x 125.1784pt.


[19

 <./assets/electronic/pwrsupply_pcb.jpg>]
<assets/electronic/peri_pcb.jpg, id=2681, 483.30562pt x 359.84438pt>
File: assets/electronic/peri_pcb.jpg Graphic file (type jpg)
<use assets/electronic/peri_pcb.jpg>
Package pdftex.def Info: assets/electronic/peri_pcb.jpg  used on input line 584
.
(pdftex.def)             Requested size: 179.25114pt x 133.45879pt.


[20

 <./assets/electronic/peri_pcb.jpg>]
<assets/electronic/pcb1.jpeg, id=2797, 1182.4175pt x 1308.89pt>
File: assets/electronic/pcb1.jpeg Graphic file (type jpg)
<use assets/electronic/pcb1.jpeg>
Package pdftex.def Info: assets/electronic/pcb1.jpeg  used on input line 602.
(pdftex.def)             Requested size: 179.25114pt x 198.42209pt.
<assets/electronic/pcb2.jpeg, id=2798, 1499.6025pt x 1053.9375pt>
File: assets/electronic/pcb2.jpeg Graphic file (type jpg)
<use assets/electronic/pcb2.jpeg>
Package pdftex.def Info: assets/electronic/pcb2.jpeg  used on input line 602.
(pdftex.def)             Requested size: 189.21326pt x 132.98015pt.

Overfull \vbox (10.2865pt too high) detected at line 602
 []



[21

 <./assets/electronic/pcb1.jpeg> <./assets/electronic/pcb2.jpeg>]
<assets/electronic/stm32_enclosure_final_test_pic1.jpg, id=2914, 1927.2pt x 108
4.05pt>
File: assets/electronic/stm32_enclosure_final_test_pic1.jpg Graphic file (type 
jpg)
<use assets/electronic/stm32_enclosure_final_test_pic1.jpg>
Package pdftex.def Info: assets/electronic/stm32_enclosure_final_test_pic1.jpg 
 used on input line 622.
(pdftex.def)             Requested size: 179.75201pt x 101.10011pt.
<assets/electronic/stm32_enclosure_final_testpic2.jpg, id=2915, 1927.2pt x 1084
.05pt>
File: assets/electronic/stm32_enclosure_final_testpic2.jpg Graphic file (type j
pg)
<use assets/electronic/stm32_enclosure_final_testpic2.jpg>
Package pdftex.def Info: assets/electronic/stm32_enclosure_final_testpic2.jpg  
used on input line 622.
(pdftex.def)             Requested size: 179.75201pt x 101.10011pt.
<assets/electronic/psperi_enclosure_final_testpic1.jpg, id=2916, 1927.2pt x 108
4.05pt>
File: assets/electronic/psperi_enclosure_final_testpic1.jpg Graphic file (type 
jpg)
<use assets/electronic/psperi_enclosure_final_testpic1.jpg>
Package pdftex.def Info: assets/electronic/psperi_enclosure_final_testpic1.jpg 
 used on input line 622.
(pdftex.def)             Requested size: 170.28802pt x 95.77383pt.
<assets/electronic/psperi_enclosure_final_testpic2.jpg, id=2917, 1927.2pt x 108
4.05pt>
File: assets/electronic/psperi_enclosure_final_testpic2.jpg Graphic file (type 
jpg)
<use assets/electronic/psperi_enclosure_final_testpic2.jpg>
Package pdftex.def Info: assets/electronic/psperi_enclosure_final_testpic2.jpg 
 used on input line 622.
(pdftex.def)             Requested size: 170.28802pt x 95.77383pt.

Overfull \vbox (15.06464pt too high) detected at line 622
 []



[22

 <./assets/electronic/stm32_enclosure_final_test_pic1.jpg> <./assets/electronic
/stm32_enclosure_final_testpic2.jpg> <./assets/electronic/psperi_enclosure_fina
l_testpic1.jpg> <./assets/electronic/psperi_enclosure_final_testpic2.jpg>]
(build/SeniorDesignFinalPresentation.toc)

[23

]
<assets/specs/bst_product_specs.png, id=3189, 886.31125pt x 738.76pt>
File: assets/specs/bst_product_specs.png Graphic file (type png)
<use assets/specs/bst_product_specs.png>
Package pdftex.def Info: assets/specs/bst_product_specs.png  used on input line
 676.
(pdftex.def)             Requested size: 169.2951pt x 141.10983pt.

Overfull \vbox (12.6192pt too high) detected at line 676
 []



[24

 <./assets/specs/bst_product_specs.png>]
LaTeX Font Info:    Font shape `T1/SourceSansPro-TLF/b/n' aliased to
(Font)              `T1/SourceSansPro-TLF/bold/n' on input line 717.
LaTeX Font Info:    Font shape `T1/SourceSansPro-TLF/bold/n' will be
(Font)              scaled to size 5.0pt on input line 717.
<assets/specs/cws_product_specs.png, id=3329, 795.97375pt x 514.92375pt>
File: assets/specs/cws_product_specs.png Graphic file (type png)
<use assets/specs/cws_product_specs.png>
Package pdftex.def Info: assets/specs/cws_product_specs.png  used on input line
 717.
(pdftex.def)             Requested size: 199.1693pt x 128.8406pt.

Overfull \vbox (18.54945pt too high) detected at line 717
 []



[25

 <./assets/specs/cws_product_specs.png (PNG copy)>]
<assets/specs/adc_product_specs.png, id=3466, 789.95125pt x 449.68pt>
File: assets/specs/adc_product_specs.png Graphic file (type png)
<use assets/specs/adc_product_specs.png>
Package pdftex.def Info: assets/specs/adc_product_specs.png  used on input line
 764.
(pdftex.def)             Requested size: 199.1693pt x 113.37347pt.


[26

 <./assets/specs/adc_product_specs.png>]
(build/SeniorDesignFinalPresentation.toc)

[27

]
<assets/diagrams/embedded_linux.png, id=3715, 1661.20625pt x 1004.75375pt>
File: assets/diagrams/embedded_linux.png Graphic file (type png)
<use assets/diagrams/embedded_linux.png>
Package pdftex.def Info: assets/diagrams/embedded_linux.png  used on input line
 790.
(pdftex.def)             Requested size: 175.65689pt x 106.23048pt.


[28

 <./assets/diagrams/embedded_linux.png>]
<assets/diagrams/yocto-environment.png, id=3857, 987.69pt x 483.8075pt>
File: assets/diagrams/yocto-environment.png Graphic file (type png)
<use assets/diagrams/yocto-environment.png>
Package pdftex.def Info: assets/diagrams/yocto-environment.png  used on input l
ine 819.
(pdftex.def)             Requested size: 180.67566pt x 88.499pt.


[29

 <./assets/diagrams/yocto-environment.png>]
<assets/diagrams/layers.png, id=3986, 783.92876pt x 472.76625pt>
File: assets/diagrams/layers.png Graphic file (type png)
<use assets/diagrams/layers.png>
Package pdftex.def Info: assets/diagrams/layers.png  used on input line 862.
(pdftex.def)             Requested size: 224.06544pt x 135.1221pt.

Overfull \hbox (24.89615pt too wide) in paragraph at lines 862--862
 [] 
 []



[30

 <./assets/diagrams/layers.png>] (build/SeniorDesignFinalPresentation.toc)

[31

]
LaTeX Font Info:    Font shape `T1/SourceSansPro-TLF/b/n' aliased to
(Font)              `T1/SourceSansPro-TLF/bold/n' on input line 914.
LaTeX Font Info:    Font shape `T1/SourceSansPro-TLF/bold/n' will be
(Font)              scaled to size 6.0pt on input line 914.
<assets/diagrams/ipc.drawio.png, id=4249, 983.675pt x 884.30376pt>
File: assets/diagrams/ipc.drawio.png Graphic file (type png)
<use assets/diagrams/ipc.drawio.png>
Package pdftex.def Info: assets/diagrams/ipc.drawio.png  used on input line 914
.
(pdftex.def)             Requested size: 185.22598pt x 166.5082pt.

Overfull \vbox (4.4601pt too high) detected at line 914
 []



[32

 <./assets/diagrams/ipc.drawio.png>]
(build/SeniorDesignFinalPresentation.toc)

[33

]
<assets/misc/rewrite-it-in-rust.jpg, id=4498, 379.4175pt x 379.4175pt>
File: assets/misc/rewrite-it-in-rust.jpg Graphic file (type jpg)
<use assets/misc/rewrite-it-in-rust.jpg>
Package pdftex.def Info: assets/misc/rewrite-it-in-rust.jpg  used on input line
 952.
(pdftex.def)             Requested size: 79.66649pt x 79.66264pt.


[34

 <./assets/misc/rewrite-it-in-rust.jpg>]
<assets/misc/webapp.png, id=4650, 1033.8625pt x 1037.8775pt>
File: assets/misc/webapp.png Graphic file (type png)
<use assets/misc/webapp.png>
Package pdftex.def Info: assets/misc/webapp.png  used on input line 989.
(pdftex.def)             Requested size: 159.333pt x 159.95082pt.


[35

 <./assets/misc/webapp.png>]
<assets/misc/server1.png, id=4777, 1299.85625pt x 540.0175pt>
File: assets/misc/server1.png Graphic file (type png)
<use assets/misc/server1.png>
Package pdftex.def Info: assets/misc/server1.png  used on input line 1019.
(pdftex.def)             Requested size: 159.333pt x 66.19185pt.
<assets/misc/server2.png, id=4778, 1990.43625pt x 680.5425pt>
File: assets/misc/server2.png Graphic file (type png)
<use assets/misc/server2.png>
Package pdftex.def Info: assets/misc/server2.png  used on input line 1019.
(pdftex.def)             Requested size: 159.333pt x 54.47566pt.


[36

 <./assets/misc/server1.png> <./assets/misc/server2.png>]
<assets/diagrams/software_stack.drawio.png, id=4894, 1607.00375pt x 945.5325pt>

File: assets/diagrams/software_stack.drawio.png Graphic file (type png)
<use assets/diagrams/software_stack.drawio.png>
Package pdftex.def Info: assets/diagrams/software_stack.drawio.png  used on inp
ut line 1034.
(pdftex.def)             Requested size: 359.05911pt x 211.26093pt.

Overfull \vbox (9.12534pt too high) detected at line 1034
 []



[37

 <./assets/diagrams/software_stack.drawio.png>]
(build/SeniorDesignFinalPresentation.toc)

[38

]

[39

] (build/SeniorDesignFinalPresentation.toc)

[40

]

[41

] (build/SeniorDesignFinalPresentation.toc)

[42

]

[43

] (build/SeniorDesignFinalPresentation.toc)

[44

]

[45

] (build/SeniorDesignFinalPresentation.toc)

[46

]

[47

]
LaTeX Font Info:    Trying to load font information for T1+cmtt on input line 1
163.

(/nix/store/0jql6cn8jrks2l11dkisx5rl7nggaybg-texlive-2024-env-texmfdist/tex/lat
ex/base/t1cmtt.fd
File: t1cmtt.fd 2023/04/13 v2.5m Standard LaTeX font definitions
)
LaTeX Font Info:    Font shape `T1/SourceSansPro-TLF/m/it' aliased to
(Font)              `T1/SourceSansPro-TLF/regular/it' on input line 1163.
LaTeX Font Info:    Font shape `T1/SourceSansPro-TLF/regular/it' will be
(Font)              scaled to size 7.0pt on input line 1163.


[48

{/nix/store/0jql6cn8jrks2l11dkisx5rl7nggaybg-texlive-2024-env-texmfdist/fonts/e
nc/dvips/cm-super/cm-super-t1.enc}]
\tf@nav=\write6
\openout6 = `SeniorDesignFinalPresentation.nav'.

\tf@toc=\write7
\openout7 = `SeniorDesignFinalPresentation.toc'.

\tf@snm=\write8
\openout8 = `SeniorDesignFinalPresentation.snm'.

 (build/SeniorDesignFinalPresentation.aux)
 ***********
LaTeX2e <2024-06-01> patch level 2
L3 programming layer <2024-10-09>
 ***********
Package rerunfilecheck Info: File `SeniorDesignFinalPresentation.out' has not c
hanged.
(rerunfilecheck)             Checksum: 022BEE15EF09E493682429E629D9B0DA;2690.
 ) 
Here is how much of TeX's memory you used:
 26885 strings out of 473579
 541805 string characters out of 5705100
 912201 words of memory out of 5000000
 49090 multiletter control sequences out of 15000+600000
 713612 words of font info for 88 fonts, out of 8000000 for 9000
 1141 hyphenation exceptions out of 8191
 128i,19n,123p,594b,938s stack positions out of 10000i,1000n,20000p,200000b,200000s
</nix/store/0jql6cn8jrks2l11dkisx5rl7nggaybg-texlive-2024-env-texmfdist/fonts
/type1/adobe/sourcesanspro/SourceSansPro-Bold.pfb></nix/store/0jql6cn8jrks2l11d
kisx5rl7nggaybg-texlive-2024-env-texmfdist/fonts/type1/adobe/sourcesanspro/Sour
ceSansPro-It.pfb></nix/store/0jql6cn8jrks2l11dkisx5rl7nggaybg-texlive-2024-env-
texmfdist/fonts/type1/adobe/sourcesanspro/SourceSansPro-Regular.pfb></nix/store
/0jql6cn8jrks2l11dkisx5rl7nggaybg-texlive-2024-env-texmfdist/fonts/type1/public
/cm-super/sftt0800.pfb>
Output written on build/SeniorDesignFinalPresentation.pdf (48 pages, 6599308 by
tes).
PDF statistics:
 6371 PDF objects out of 7423 (max. 8388607)
 3334 compressed objects within 34 object streams
 115 named destinations out of 1000 (max. 500000)
 1642 words of extra memory for PDF output out of 10000 (max. 10000000)

